[debug] [2019-04-12T14:58:06.724Z] ----------------------------------------------------------------------
[debug] [2019-04-12T14:58:06.727Z] Command:       C:\Program Files\nodejs\node.exe C:\Users\Admin\AppData\Roaming\npm\node_modules\firebase-tools\lib\bin\firebase.js init
[debug] [2019-04-12T14:58:06.727Z] CLI Version:   6.4.0
[debug] [2019-04-12T14:58:06.727Z] Platform:      win32
[debug] [2019-04-12T14:58:06.727Z] Node Version:  v11.10.1
[debug] [2019-04-12T14:58:06.729Z] Time:          Fri Apr 12 2019 20:28:06 GMT+0530 (India Standard Time)
[debug] [2019-04-12T14:58:06.729Z] ----------------------------------------------------------------------
[debug] 
[debug] [2019-04-12T14:58:06.744Z] > command requires scopes: ["email","openid","https://www.googleapis.com/auth/cloudplatformprojects.readonly","https://www.googleapis.com/auth/firebase","https://www.googleapis.com/auth/cloud-platform"]
[debug] [2019-04-12T14:58:06.745Z] > authorizing via signed-in user
[info] 
     ######## #### ########  ######## ########     ###     ######  ########
     ##        ##  ##     ## ##       ##     ##  ##   ##  ##       ##
     ######    ##  ########  ######   ########  #########  ######  ######
     ##        ##  ##    ##  ##       ##     ## ##     ##       ## ##
     ##       #### ##     ## ######## ########  ##     ##  ######  ########

You're about to initialize a Firebase project in this directory:

  C:\Users\Admin

Before we get started, keep in mind:

  * You are initializing in an existing Firebase project directory

